  stdafx.cpp
  BossMonster.cpp
  CollisionMgr.cpp
D:\포폴USB\포트폴리오\Project\02.동방홍마향\TP_DONGBANG\TP_DONGBANG\CollisionMgr.cpp(88,21): warning C4244: '초기화 중': 'double'에서 'float'(으)로 변환하면서 데이터가 손실될 수 있습니다.
D:\포폴USB\포트폴리오\Project\02.동방홍마향\TP_DONGBANG\TP_DONGBANG\CollisionMgr.cpp(89,21): warning C4244: '초기화 중': 'double'에서 'float'(으)로 변환하면서 데이터가 손실될 수 있습니다.
  DeadEffect.cpp
  Device.cpp
  Effect.cpp
  EffectPower.cpp
  EffectPower2.cpp
  Ending.cpp
  Intro.cpp
  Item.cpp
  KeyMgr.cpp
  MainGame.cpp
  MultiTexture.cpp
  NomalMonster.cpp
  NomalMonsterBullet.cpp
D:\포폴USB\포트폴리오\Project\02.동방홍마향\TP_DONGBANG\TP_DONGBANG\NomalMonsterBullet.cpp(208,14): warning C4244: '초기화 중': 'double'에서 'float'(으)로 변환하면서 데이터가 손실될 수 있습니다.
D:\포폴USB\포트폴리오\Project\02.동방홍마향\TP_DONGBANG\TP_DONGBANG\NomalMonsterBullet.cpp(215,16): warning C4244: '초기화 중': 'double'에서 'float'(으)로 변환하면서 데이터가 손실될 수 있습니다.
  Obj.cpp
  ObjMgr.cpp
D:\포폴USB\포트폴리오\Project\02.동방홍마향\TP_DONGBANG\TP_DONGBANG\ObjMgr.cpp(117,15): warning C4244: '초기화 중': 'double'에서 'float'(으)로 변환하면서 데이터가 손실될 수 있습니다.
D:\포폴USB\포트폴리오\Project\02.동방홍마향\TP_DONGBANG\TP_DONGBANG\ObjMgr.cpp(118,16): warning C4244: '초기화 중': 'double'에서 'float'(으)로 변환하면서 데이터가 손실될 수 있습니다.
D:\포폴USB\포트폴리오\Project\02.동방홍마향\TP_DONGBANG\TP_DONGBANG\ObjMgr.cpp(124,16): warning C4244: '초기화 중': 'double'에서 'float'(으)로 변환하면서 데이터가 손실될 수 있습니다.
D:\포폴USB\포트폴리오\Project\02.동방홍마향\TP_DONGBANG\TP_DONGBANG\ObjMgr.cpp(125,17): warning C4244: '초기화 중': 'double'에서 'float'(으)로 변환하면서 데이터가 손실될 수 있습니다.
  Player.cpp
  PlayerBullet.cpp
D:\포폴USB\포트폴리오\Project\02.동방홍마향\TP_DONGBANG\TP_DONGBANG\PlayerBullet.cpp(82,17): warning C4244: '초기화 중': 'double'에서 'float'(으)로 변환하면서 데이터가 손실될 수 있습니다.
D:\포폴USB\포트폴리오\Project\02.동방홍마향\TP_DONGBANG\TP_DONGBANG\PlayerBullet.cpp(83,18): warning C4244: '초기화 중': 'double'에서 'float'(으)로 변환하면서 데이터가 손실될 수 있습니다.
D:\포폴USB\포트폴리오\Project\02.동방홍마향\TP_DONGBANG\TP_DONGBANG\PlayerBullet.cpp(118,17): warning C4244: '초기화 중': 'double'에서 'float'(으)로 변환하면서 데이터가 손실될 수 있습니다.
D:\포폴USB\포트폴리오\Project\02.동방홍마향\TP_DONGBANG\TP_DONGBANG\PlayerBullet.cpp(119,18): warning C4244: '초기화 중': 'double'에서 'float'(으)로 변환하면서 데이터가 손실될 수 있습니다.
  PlayerBulletEffect.cpp
  컴파일하고 있습니다...
  PlayerIllust.cpp
  Scene.cpp
  SceneMgr.cpp
  Select.cpp
  SingleTexture.cpp
  SmallEffect.cpp
  SoundMgr.cpp
  Stage.cpp
  SubWeapon.cpp
  Texture.cpp
  TextureLoadMgr.cpp
  TextureMgr.cpp
  Title.cpp
  TP_DONGBANG.cpp
  코드를 생성하고 있습니다.
  Previous IPDB not found, fall back to full compilation.
  All 839 functions were compiled because no usable IPDB/IOBJ from previous compilation was found.
  코드를 생성했습니다.
  TP_DONGBANG.vcxproj -> D:\포폴USB\포트폴리오\Project\02.동방홍마향\TP_DONGBANG\Release\TP_DONGBANG.exe
